This is pdfTeX, Version 3.1415926-2.4-1.40.13 (TeX Live 2012/Debian) (format=pdflatex 2013.2.5)  3 APR 2013 14:05
entering extended mode
 restricted \write18 enabled.
 %&-line parsing enabled.
**SAM_LG_juank.tex
(./SAM_LG_juank.tex
LaTeX2e <2011/06/27>
Babel <v3.8m> and hyphenation patterns for english, dumylang, nohyphenation, lo
aded.
(./mn2e.cls
Document Class: mn2e 2001/02/06 v2.2 LaTeX2e MN document class
Document Style `MN' v2.2, released 2001 February 20
\math@groups=\toks14
LaTeX Font Info:    Overwriting symbol font `symbols' in version `bold'
(Font)                  OMS/cmsy/b/n --> OMS/cmsy/b/n on input line 223.
\symbmisymbols=\mathgroup4
\symUPM=\mathgroup5
LaTeX Font Info:    Overwriting symbol font `UPM' in version `bold'
(Font)                  U/eur/m/n --> U/eur/b/n on input line 260.
\symAMSa=\mathgroup6
\SFB@measure=\dimen102
\realparindent=\skip41
\c@part=\count79
\c@section=\count80
\c@subsection=\count81
\c@subsubsection=\count82
\c@paragraph=\count83
\c@subparagraph=\count84
\@indentskip=\skip42
\smallindent=\skip43
\@footindent=\skip44
\@leftskip=\skip45
\c@dummy=\count85
(/usr/share/texlive/texmf-dist/tex/latex/natbib/natbib.sty
Package: natbib 2010/09/13 8.31b (PWD, AO)
\bibhang=\skip46
\bibsep=\skip47
LaTeX Info: Redefining \cite on input line 694.
\c@NAT@ctr=\count86
)
\c@table=\count87
\c@figure=\count88
\mathindent=\dimen103
)
(/usr/share/texlive/texmf-dist/tex/latex/graphics/graphics.sty
Package: graphics 2009/02/05 v1.0o Standard LaTeX Graphics (DPC,SPQR)

(/usr/share/texlive/texmf-dist/tex/latex/graphics/trig.sty
Package: trig 1999/03/16 v1.09 sin cos tan (DPC)
)
(/usr/share/texlive/texmf-dist/tex/latex/latexconfig/graphics.cfg
File: graphics.cfg 2010/04/23 v1.9 graphics configuration of TeX Live
)
Package graphics Info: Driver file: pdftex.def on input line 91.

(/usr/share/texlive/texmf-dist/tex/latex/pdftex-def/pdftex.def
File: pdftex.def 2011/05/27 v0.06d Graphics/color for pdfTeX

(/usr/share/texlive/texmf-dist/tex/generic/oberdiek/infwarerr.sty
Package: infwarerr 2010/04/08 v1.3 Providing info/warning/error messages (HO)
)
(/usr/share/texlive/texmf-dist/tex/generic/oberdiek/ltxcmds.sty
Package: ltxcmds 2011/11/09 v1.22 LaTeX kernel commands for general use (HO)
)
\Gread@gobject=\count89
))
(/usr/share/texlive/texmf-dist/tex/latex/graphics/epsfig.sty
Package: epsfig 1999/02/16 v1.7a (e)psfig emulation (SPQR)

(/usr/share/texlive/texmf-dist/tex/latex/graphics/graphicx.sty
Package: graphicx 1999/02/16 v1.0f Enhanced LaTeX Graphics (DPC,SPQR)

(/usr/share/texlive/texmf-dist/tex/latex/graphics/keyval.sty
Package: keyval 1999/03/16 v1.13 key=value parser (DPC)
\KV@toks@=\toks15
)
\Gin@req@height=\dimen104
\Gin@req@width=\dimen105
)
\epsfxsize=\dimen106
\epsfysize=\dimen107
)
(./SAM_LG_juank.aux

LaTeX Warning: Label `fig:fded' multiply defined.


LaTeX Warning: Label `fig:fded' multiply defined.


LaTeX Warning: Label `fig:fded' multiply defined.


LaTeX Warning: Label `tab:runs' multiply defined.

)
\openout1 = `SAM_LG_juank.aux'.

LaTeX Font Info:    Checking defaults for OML/cmm/m/it on input line 92.
LaTeX Font Info:    ... okay on input line 92.
LaTeX Font Info:    Checking defaults for T1/cmr/m/n on input line 92.
LaTeX Font Info:    ... okay on input line 92.
LaTeX Font Info:    Checking defaults for OT1/cmr/m/n on input line 92.
LaTeX Font Info:    ... okay on input line 92.
LaTeX Font Info:    Checking defaults for OMS/cmsy/m/n on input line 92.
LaTeX Font Info:    ... okay on input line 92.
LaTeX Font Info:    Checking defaults for OMX/cmex/m/n on input line 92.
LaTeX Font Info:    ... okay on input line 92.
LaTeX Font Info:    Checking defaults for U/cmr/m/n on input line 92.
LaTeX Font Info:    ... okay on input line 92.
 (/usr/share/texlive/texmf-dist/tex/context/base/supp-pdf.mkii
[Loading MPS to PDF converter (version 2006.09.02).]
\scratchcounter=\count90
\scratchdimen=\dimen108
\scratchbox=\box26
\nofMPsegments=\count91
\nofMParguments=\count92
\everyMPshowfont=\toks16
\MPscratchCnt=\count93
\MPscratchDim=\dimen109
\MPnumerator=\count94
\makeMPintoPDFobject=\count95
\everyMPtoPDFconversion=\toks17
) (/usr/share/texlive/texmf-dist/tex/generic/oberdiek/pdftexcmds.sty
Package: pdftexcmds 2011/11/29 v0.20 Utility functions of pdfTeX for LuaTeX (HO
)

(/usr/share/texlive/texmf-dist/tex/generic/oberdiek/ifluatex.sty
Package: ifluatex 2010/03/01 v1.3 Provides the ifluatex switch (HO)
Package ifluatex Info: LuaTeX not detected.
)
(/usr/share/texlive/texmf-dist/tex/generic/oberdiek/ifpdf.sty
Package: ifpdf 2011/01/30 v2.3 Provides the ifpdf switch (HO)
Package ifpdf Info: pdfTeX in PDF mode is detected.
)
Package pdftexcmds Info: LuaTeX not detected.
Package pdftexcmds Info: \pdf@primitive is available.
Package pdftexcmds Info: \pdf@ifprimitive is available.
Package pdftexcmds Info: \pdfdraftmode found.
)
(/usr/share/texlive/texmf-dist/tex/latex/oberdiek/epstopdf-base.sty
Package: epstopdf-base 2010/02/09 v2.5 Base part for package epstopdf

(/usr/share/texlive/texmf-dist/tex/latex/oberdiek/grfext.sty
Package: grfext 2010/08/19 v1.1 Manage graphics extensions (HO)

(/usr/share/texlive/texmf-dist/tex/generic/oberdiek/kvdefinekeys.sty
Package: kvdefinekeys 2011/04/07 v1.3 Define keys (HO)
))
(/usr/share/texlive/texmf-dist/tex/latex/oberdiek/kvoptions.sty
Package: kvoptions 2011/06/30 v3.11 Key value format for package options (HO)

(/usr/share/texlive/texmf-dist/tex/generic/oberdiek/kvsetkeys.sty
Package: kvsetkeys 2012/04/25 v1.16 Key value parser (HO)

(/usr/share/texlive/texmf-dist/tex/generic/oberdiek/etexcmds.sty
Package: etexcmds 2011/02/16 v1.5 Avoid name clashes with e-TeX commands (HO)
Package etexcmds Info: Could not find \expanded.
(etexcmds)             That can mean that you are not using pdfTeX 1.50 or
(etexcmds)             that some package has redefined \expanded.
(etexcmds)             In the latter case, load this package earlier.
)))
Package grfext Info: Graphics extension search list:
(grfext)             [.png,.pdf,.jpg,.mps,.jpeg,.jbig2,.jb2,.PNG,.PDF,.JPG,.JPE
G,.JBIG2,.JB2,.eps]
(grfext)             \AppendGraphicsExtensions on input line 452.

(/usr/share/texlive/texmf-dist/tex/latex/latexconfig/epstopdf-sys.cfg
File: epstopdf-sys.cfg 2010/07/13 v1.3 Configuration of (r)epstopdf for TeX Liv
e
))
LaTeX Font Info:    External font `cmex10' loaded for size
(Font)              <14.4> on input line 99.
LaTeX Font Info:    External font `cmex10' loaded for size
(Font)              <7> on input line 99.
LaTeX Font Info:    Try loading font information for U+eur on input line 99.

(/usr/share/texlive/texmf-dist/tex/latex/amsfonts/ueur.fd
File: ueur.fd 2009/06/22 v3.00 Euler Roman
)
LaTeX Font Info:    Try loading font information for U+msa on input line 99.

(/usr/share/texlive/texmf-dist/tex/latex/amsfonts/umsa.fd
File: umsa.fd 2009/06/22 v3.00 AMS symbols A
)
LaTeX Font Info:    External font `cmex10' loaded for size
(Font)              <8> on input line 99.
LaTeX Font Info:    External font `cmex10' loaded for size
(Font)              <6> on input line 99.
LaTeX Font Info:    External font `cmex10' loaded for size
(Font)              <5> on input line 99.

Underfull \hbox (badness 10000) in paragraph at lines 103--104

 []

LaTeX Font Info:    External font `cmex10' loaded for size
(Font)              <9> on input line 168.
LaTeX Font Info:    Try loading font information for OMS+cmr on input line 209.

(/usr/share/texlive/texmf-dist/tex/latex/base/omscmr.fd
File: omscmr.fd 1999/05/25 v2.5h Standard LaTeX font definitions
)
LaTeX Font Info:    Font shape `OMS/cmr/m/n' in size <8> not available
(Font)              Font shape `OMS/cmsy/m/n' tried instead on input line 209.
 [1{/var/lib/texmf/fonts/map/pdftex/updmap/pdftex.map}


]
Overfull \hbox (148.14908pt too wide) detected at line 242
$ [] \OT1/cmr/m/n/9 = [] 
[]\OML/cmm/m/it/9 =\OT1/cmr/m/n/9 
[])[]\OML/cmm/m/it/9 ;  [] V[] > V[][]     [] z > z[][] \OT1/cmr/m/n/9 0\OML/cm
m/m/it/9 ; []$ \OT1/cmr/m/n/9 (1)
 []


Underfull \hbox (badness 10000) in paragraph at lines 338--345

 []


Package natbib Warning: Citation `2001ApJ...555..393Z' on page 2 undefined on i
nput line 366.


Package natbib Warning: Citation `2006MNRAS.366..996G' on page 2 undefined on i
nput line 366.


Package natbib Warning: Citation `2009A&A...505..497Y' on page 2 undefined on i
nput line 366.


Package natbib Warning: Citation `2006A&A...453..459N' on page 2 undefined on i
nput line 366.


Package natbib Warning: Citation `2005MNRAS.364..433B' on page 2 undefined on i
nput line 366.


Package natbib Warning: Citation `2008MNRAS.389.1911S' on page 2 undefined on i
nput line 366.


Package natbib Warning: Citation `2001ApJ...555..393Z' on page 2 undefined on i
nput line 366.


Package natbib Warning: Citation `2006MNRAS.366..996G' on page 2 undefined on i
nput line 366.


Package natbib Warning: Citation `2009A&A...505..497Y' on page 2 undefined on i
nput line 366.


Package natbib Warning: Citation `2006A&A...453..459N' on page 2 undefined on i
nput line 366.


Package natbib Warning: Citation `2005MNRAS.364..433B' on page 2 undefined on i
nput line 366.


Package natbib Warning: Citation `2008MNRAS.389.1911S' on page 2 undefined on i
nput line 366.


Package natbib Warning: Citation `Klypin2002' on page 2 undefined on input line
 376.


Package natbib Warning: Citation `Widrow2005' on page 2 undefined on input line
 381.


Package natbib Warning: Citation `Geehan2006' on page 2 undefined on input line
 386.

[2]

Package natbib Warning: Citation `Klypin2002' on page 3 undefined on input line
 392.


Package natbib Warning: Citation `Geehan2006' on page 3 undefined on input line
 394.


Package natbib Warning: Citation `Dehnen1998' on page 3 undefined on input line
 396.


Package natbib Warning: Citation `Boissier99' on page 3 undefined on input line
 404.


Package natbib Warning: Citation `Kulkarni87' on page 3 undefined on input line
 405.


Package natbib Warning: Citation `Dame93' on page 3 undefined on input line 405
.


Package natbib Warning: Citation `Yin09' on page 3 undefined on input line 407.



Package natbib Warning: Citation `Cram80' on page 3 undefined on input line 409
.


Package natbib Warning: Citation `Dame93' on page 3 undefined on input line 410
.


Package natbib Warning: Citation `Cram80' on page 3 undefined on input line 412
.


Package natbib Warning: Citation `Braun92' on page 3 undefined on input line 41
2.

[3] <figures/tests/T_F-disk-velmax.pdf, id=34, 361.35pt x 216.81pt>
File: figures/tests/T_F-disk-velmax.pdf Graphic file (type pdf)

<use figures/tests/T_F-disk-velmax.pdf>
Package pdftex.def Info: figures/tests/T_F-disk-velmax.pdf used on input line 5
53.
(pdftex.def)             Requested size: 245.71475pt x 147.42883pt.

Overfull \hbox (5.71475pt too wide) in paragraph at lines 553--557
[][] 
 []


Package natbib Warning: Citation `2007AJ....134..945P' on page 4 undefined on i
nput line 557.


Package natbib Warning: Citation `2007AJ....134..945P' on page 4 undefined on i
nput line 557.

<figures/tests/Color_Mag.pdf, id=35, 361.35pt x 216.81pt>
File: figures/tests/Color_Mag.pdf Graphic file (type pdf)

<use figures/tests/Color_Mag.pdf>
Package pdftex.def Info: figures/tests/Color_Mag.pdf used on input line 563.
(pdftex.def)             Requested size: 245.71475pt x 147.42883pt.

Overfull \hbox (5.71475pt too wide) in paragraph at lines 563--568
[][] 
 []


Package natbib Warning: Citation `2012MNRAS.423.1583M' on page 4 undefined on i
nput line 568.


Package natbib Warning: Citation `2012MNRAS.423.1583M' on page 4 undefined on i
nput line 568.

<figures/fig4_old.png, id=36, 521.95pt x 498.86375pt>
File: figures/fig4_old.png Graphic file (type png)

<use figures/fig4_old.png>
Package pdftex.def Info: figures/fig4_old.png used on input line 575.
(pdftex.def)             Requested size: 208.77629pt x 199.54196pt.

<figures/fig5_old.png, id=37, 511.9125pt x 507.8975pt>
File: figures/fig5_old.png Graphic file (type png)

<use figures/fig5_old.png>
Package pdftex.def Info: figures/fig5_old.png used on input line 576.
(pdftex.def)             Requested size: 204.76137pt x 203.1554pt.

Underfull \hbox (badness 10000) in paragraph at lines 575--577
[][]
 []

<figures/fig6_old.png, id=38, 539.01375pt x 322.20375pt>
File: figures/fig6_old.png Graphic file (type png)

<use figures/fig6_old.png>
Package pdftex.def Info: figures/fig6_old.png used on input line 582.
(pdftex.def)             Requested size: 215.60167pt x 128.87921pt.

<figures/fig7_old.png, id=39, 529.98pt x 323.2075pt>
File: figures/fig7_old.png Graphic file (type png)

<use figures/fig7_old.png>
Package pdftex.def Info: figures/fig7_old.png used on input line 583.
(pdftex.def)             Requested size: 211.98824pt x 129.2807pt.

<figures/fig8_old.png, id=40, 515.9275pt x 313.17pt>
File: figures/fig8_old.png Graphic file (type png)

<use figures/fig8_old.png>
Package pdftex.def Info: figures/fig8_old.png used on input line 584.
(pdftex.def)             Requested size: 206.36734pt x 125.26576pt.

Underfull \hbox (badness 10000) in paragraph at lines 582--585
[][]
 []


Underfull \hbox (badness 10000) in paragraph at lines 582--585
[]
 []

[4 <./figures/tests/T_F-disk-velmax.pdf> <./figures/tests/Color_Mag.pdf

pdfTeX warning: pdflatex (file ./figures/tests/Color_Mag.pdf): PDF inclusion: m
ultiple pdfs with page group included in a single page
>]
<figures/runs/run-v1-13-multiplot-star-frac.pdf, id=61, 505.89pt x 201.75375pt>
File: figures/runs/run-v1-13-multiplot-star-frac.pdf Graphic file (type pdf)
<use figures/runs/run-v1-13-multiplot-star-frac.pdf>
Package pdftex.def Info: figures/runs/run-v1-13-multiplot-star-frac.pdf used on
 input line 656.
(pdftex.def)             Requested size: 227.64839pt x 90.78835pt.

<figures/runs/run-v1-13-multiplot-gas.pdf, id=62, 505.89pt x 201.75375pt>
File: figures/runs/run-v1-13-multiplot-gas.pdf Graphic file (type pdf)

<use figures/runs/run-v1-13-multiplot-gas.pdf>
Package pdftex.def Info: figures/runs/run-v1-13-multiplot-gas.pdf used on input
 line 657.
(pdftex.def)             Requested size: 227.64839pt x 90.78835pt.

<figures/runs/run-v1-13-multiplot-bulge.pdf, id=63, 505.89pt x 201.75375pt>
File: figures/runs/run-v1-13-multiplot-bulge.pdf Graphic file (type pdf)

<use figures/runs/run-v1-13-multiplot-bulge.pdf>
Package pdftex.def Info: figures/runs/run-v1-13-multiplot-bulge.pdf used on inp
ut line 658.
(pdftex.def)             Requested size: 227.64839pt x 90.78835pt.

Underfull \hbox (badness 10000) in paragraph at lines 656--659
[][]
 []


Underfull \hbox (badness 10000) in paragraph at lines 656--659
[]
 []

[5 <./figures/fig4_old.png> <./figures/fig5_old.png> <./figures/fig6_old.png> <
./figures/fig7_old.png> <./figures/fig8_old.png>]
<figures/LG/LG-props-params-multi-v2.pdf, id=67, 397.485pt x 433.62pt>
File: figures/LG/LG-props-params-multi-v2.pdf Graphic file (type pdf)

<use figures/LG/LG-props-params-multi-v2.pdf>
Package pdftex.def Info: figures/LG/LG-props-params-multi-v2.pdf used on input 
line 733.
(pdftex.def)             Requested size: 278.2376pt x 303.53192pt.

Overfull \hbox (38.2376pt too wide) in paragraph at lines 733--734
[][] 
 []

[6 <./figures/runs/run-v1-13-multiplot-star-frac.pdf> <./figures/runs/run-v1-13
-multiplot-gas.pdf

pdfTeX warning: pdflatex (file ./figures/runs/run-v1-13-multiplot-gas.pdf): PDF
 inclusion: multiple pdfs with page group included in a single page
> <./figures/runs/run-v1-13-multiplot-bulge.pdf

pdfTeX warning: pdflatex (file ./figures/runs/run-v1-13-multiplot-bulge.pdf): P
DF inclusion: multiple pdfs with page group included in a single page
> <./figures/LG/LG-props-params-multi-v2.pdf

pdfTeX warning: pdflatex (file ./figures/LG/LG-props-params-multi-v2.pdf): PDF 
inclusion: multiple pdfs with page group included in a single page
>]
Underfull \hbox (badness 2426) in paragraph at lines 903--905
[]\OT1/cmr/m/n/9 Wetzel, A. R., Tin-ker, J. L., & Con-roy, C. 2011,
 []


Package natbib Warning: There were undefined citations.

[7] (./SAM_LG_juank.aux)

LaTeX Warning: There were multiply-defined labels.

 ) 
Here is how much of TeX's memory you used:
 2377 strings out of 495059
 33579 string characters out of 3182031
 109692 words of memory out of 3000000
 5520 multiletter control sequences out of 15000+200000
 16744 words of font info for 58 fonts, out of 3000000 for 9000
 14 hyphenation exceptions out of 8191
 37i,10n,34p,401b,289s stack positions out of 5000i,500n,10000p,200000b,50000s
</usr/share/texlive/texmf-dist/fonts/type1/public/amsfonts/cm/cmbx10.pfb></us
r/share/texlive/texmf-dist/fonts/type1/public/amsfonts/cm/cmbx12.pfb></usr/shar
e/texlive/texmf-dist/fonts/type1/public/amsfonts/cm/cmbx8.pfb></usr/share/texli
ve/texmf-dist/fonts/type1/public/amsfonts/cm/cmbx9.pfb></usr/share/texlive/texm
f-dist/fonts/type1/public/amsfonts/cm/cmex10.pfb></usr/share/texlive/texmf-dist
/fonts/type1/public/amsfonts/cm/cmmi5.pfb></usr/share/texlive/texmf-dist/fonts/
type1/public/amsfonts/cm/cmmi6.pfb></usr/share/texlive/texmf-dist/fonts/type1/p
ublic/amsfonts/cm/cmmi8.pfb></usr/share/texlive/texmf-dist/fonts/type1/public/a
msfonts/cm/cmmi9.pfb></usr/share/texlive/texmf-dist/fonts/type1/public/amsfonts
/cm/cmr10.pfb></usr/share/texlive/texmf-dist/fonts/type1/public/amsfonts/cm/cmr
12.pfb></usr/share/texlive/texmf-dist/fonts/type1/public/amsfonts/cm/cmr5.pfb><
/usr/share/texlive/texmf-dist/fonts/type1/public/amsfonts/cm/cmr6.pfb></usr/sha
re/texlive/texmf-dist/fonts/type1/public/amsfonts/cm/cmr8.pfb></usr/share/texli
ve/texmf-dist/fonts/type1/public/amsfonts/cm/cmr9.pfb></usr/share/texlive/texmf
-dist/fonts/type1/public/amsfonts/cm/cmsy6.pfb></usr/share/texlive/texmf-dist/f
onts/type1/public/amsfonts/cm/cmsy8.pfb></usr/share/texlive/texmf-dist/fonts/ty
pe1/public/amsfonts/cm/cmsy9.pfb></usr/share/texlive/texmf-dist/fonts/type1/pub
lic/amsfonts/cm/cmti12.pfb></usr/share/texlive/texmf-dist/fonts/type1/public/am
sfonts/cm/cmti8.pfb></usr/share/texlive/texmf-dist/fonts/type1/public/amsfonts/
cm/cmti9.pfb></usr/share/texlive/texmf-dist/fonts/type1/public/amsfonts/symbols
/msam10.pfb>
Output written on SAM_LG_juank.pdf (7 pages, 537240 bytes).
PDF statistics:
 314 PDF objects out of 1000 (max. 8388607)
 215 compressed objects within 3 object streams
 0 named destinations out of 1000 (max. 500000)
 56 words of extra memory for PDF output out of 10000 (max. 10000000)

