This is pdfeTeX, Version 3.141592-1.21a-2.2 (Web2C 7.5.4) (format=latex 2005.9.12)  29 MAY 2009 14:15
entering extended mode
**mn2eguide.tex
(./mn2eguide.tex
LaTeX2e <2003/12/01>
Babel <v3.8d> and hyphenation patterns for american, french, german, ngerman, b
ahasa, basque, bulgarian, catalan, croatian, czech, danish, dutch, esperanto, e
stonian, finnish, greek, icelandic, irish, italian, latin, magyar, norsk, polis
h, portuges, romanian, russian, serbian, slovak, slovene, spanish, swedish, tur
kish, ukrainian, nohyphenation, loaded.
(./mn2e.cls
Document Class: mn2e 2001/02/06 v2.2 LaTeX2e MN document class
Document Style `MN' v2.2, released 2001 February 20
\math@groups=\toks14
LaTeX Font Info:    Overwriting symbol font `symbols' in version `bold'
(Font)                  OMS/cmsy/b/n --> OMS/cmsy/b/n on input line 223.
\symbmisymbols=\mathgroup4
\symUPM=\mathgroup5
LaTeX Font Info:    Overwriting symbol font `UPM' in version `bold'
(Font)                  U/eur/m/n --> U/eur/b/n on input line 260.
\symAMSa=\mathgroup6
\SFB@measure=\dimen102
\realparindent=\skip41
\c@part=\count79
\c@section=\count80
\c@subsection=\count81
\c@subsubsection=\count82
\c@paragraph=\count83
\c@subparagraph=\count84
\@indentskip=\skip42
\smallindent=\skip43
\@footindent=\skip44
\@leftskip=\skip45
\c@dummy=\count85
(/usr/share/texmf/tex/latex/natbib/natbib.sty
Package: natbib 2003/06/06 7.1 (PWD)
\bibhang=\skip46
\bibsep=\skip47
LaTeX Info: Redefining \cite on input line 518.
\c@NAT@ctr=\count86
)
\c@table=\count87
\c@figure=\count88
\mathindent=\dimen103
)
\c@theorem=\count89

No file mn2eguide.aux.
\openout1 = `mn2eguide.aux'.

LaTeX Font Info:    Checking defaults for OML/cmm/m/it on input line 47.
LaTeX Font Info:    ... okay on input line 47.
LaTeX Font Info:    Checking defaults for T1/cmr/m/n on input line 47.
LaTeX Font Info:    ... okay on input line 47.
LaTeX Font Info:    Checking defaults for OT1/cmr/m/n on input line 47.
LaTeX Font Info:    ... okay on input line 47.
LaTeX Font Info:    Checking defaults for OMS/cmsy/m/n on input line 47.
LaTeX Font Info:    ... okay on input line 47.
LaTeX Font Info:    Checking defaults for OMX/cmex/m/n on input line 47.
LaTeX Font Info:    ... okay on input line 47.
LaTeX Font Info:    Checking defaults for U/cmr/m/n on input line 47.
LaTeX Font Info:    ... okay on input line 47.
LaTeX Font Info:    External font `cmex10' loaded for size
(Font)              <17.28> on input line 51.
LaTeX Font Info:    External font `cmex10' loaded for size
(Font)              <12> on input line 51.
LaTeX Font Info:    Try loading font information for U+eur on input line 51.
(/usr/share/texmf/tex/latex/amsfonts/ueur.fd
File: ueur.fd 2002/01/19 v2.2g AMS font definitions
)
LaTeX Font Info:    Try loading font information for U+msa on input line 51.

(/usr/share/texmf/tex/latex/amsfonts/umsa.fd
File: umsa.fd 2002/01/19 v2.2g AMS font definitions
)
LaTeX Font Info:    External font `cmex10' loaded for size
(Font)              <14.4> on input line 51.
LaTeX Font Info:    External font `cmex10' loaded for size
(Font)              <7> on input line 51.
LaTeX Font Info:    External font `cmex10' loaded for size
(Font)              <8> on input line 51.
LaTeX Font Info:    External font `cmex10' loaded for size
(Font)              <6> on input line 51.
LaTeX Font Info:    External font `cmex10' loaded for size
(Font)              <5> on input line 51.
LaTeX Font Info:    External font `cmex10' loaded for size
(Font)              <9> on input line 66.


Package natbib Warning: Citation `la' on page 1 undefined on input line 70.


Package natbib Warning: Citation `kd' on page 1 undefined on input line 74.


Package natbib Warning: Citation `kn' on page 1 undefined on input line 74.


Package natbib Warning: Citation `bu' on page 1 undefined on input line 101.


Package natbib Warning: Citation `ch' on page 1 undefined on input line 101.


LaTeX Warning: Reference `firstpage' on page 1 undefined on input line 134.


LaTeX Warning: Reference `lastpage' on page 1 undefined on input line 134.

LaTeX Font Info:    Try loading font information for OMS+cmr on input line 134.

(/usr/share/texmf/tex/latex/base/omscmr.fd
File: omscmr.fd 1999/05/25 v2.5h Standard LaTeX font definitions
)
LaTeX Font Info:    Font shape `OMS/cmr/m/n' in size <8> not available
(Font)              Font shape `OMS/cmsy/m/n' tried instead on input line 134.
 [1


]
Underfull \hbox (badness 10000) in paragraph at lines 166--173

 []


LaTeX Warning: Reference `firstpage' on page 2 undefined on input line 276.


LaTeX Warning: Reference `lastpage' on page 2 undefined on input line 276.

[2]
Overfull \hbox (0.9722pt too wide) in paragraph at lines 330--330
[]\OT1/cmtt/m/n/9 \title[Monthly Notices: \LaTeXe\ guide for authors][] 
 []


Underfull \hbox (badness 1014) in paragraph at lines 407--412
\OT1/cmr/m/n/9 The \OT1/cmtt/m/n/9 mn2e \OT1/cmr/m/n/9 class file pro-vides num
-bered lists us-ing the
 []


LaTeX Warning: Reference `firstpage' on page 3 undefined on input line 412.


LaTeX Warning: Reference `lastpage' on page 3 undefined on input line 412.

[3]

LaTeX Warning: Reference `headings' on page 4 undefined on input line 495.


LaTeX Warning: Reference `sample-figure' on page 4 undefined on input line 511.



LaTeX Warning: Reference `firstpage' on page 4 undefined on input line 551.


LaTeX Warning: Reference `lastpage' on page 4 undefined on input line 551.

[4]

LaTeX Warning: Reference `symbols' on page 5 undefined on input line 554.


Overfull \hbox (0.9722pt too wide) in paragraph at lines 655--655
[] \OT1/cmtt/m/n/9 \sum_{i=1}^p \lambda_i = \rmn{trace}(\mathbfss{S})[] 
 []


LaTeX Warning: Reference `firstpage' on page 5 undefined on input line 706.


LaTeX Warning: Reference `lastpage' on page 5 undefined on input line 706.

[5]

LaTeX Warning: Reference `mathmode' on page 6 undefined on input line 741.


LaTeX Warning: Reference `anymode' on page 6 undefined on input line 742.


Underfull \hbox (badness 10000) in paragraph at lines 831--837
\OT1/cmr/m/n/9 For three-author pa-pers, a full au-thor list can
 []


Underfull \hbox (badness 10000) in paragraph at lines 831--837
\OT1/cmr/m/n/9 be forced by putting a []\OT1/cmtt/m/n/9 * \OT1/cmr/m/n/9 just b
e-fore the []\OT1/cmtt/m/n/9 {\OT1/cmr/m/n/9 .
 []


Underfull \hbox (badness 7613) in paragraph at lines 831--837
\OT1/cmr/m/n/9 To add notes within the ci-ta-tion, use the form
 []


Overfull \hbox (15.14703pt too wide) in paragraph at lines 916--916
[]  \OT1/cmtt/m/n/9 \bibitem[\protect\citeauthoryear{Butcher}{1992}]{bu}[] 
 []


Overfull \hbox (19.87198pt too wide) in paragraph at lines 916--916
[]  \OT1/cmtt/m/n/9 \bibitem[\protect\citeauthoryear{The Chicago Manual}%[] 
 []


Overfull \hbox (10.42209pt too wide) in paragraph at lines 916--916
[]  \OT1/cmtt/m/n/9 \bibitem[\protect\citeauthoryear{Blanco}{1991}]{bl}[] 
 []


Overfull \hbox (0.9722pt too wide) in paragraph at lines 916--916
[]  \OT1/cmtt/m/n/9 \bibitem[\protect\citeauthoryear{Brown \& Jones}%[] 
 []


Overfull \hbox (15.14703pt too wide) in paragraph at lines 916--916
[]  \OT1/cmtt/m/n/9 \bibitem[\protect\citeauthoryear{Edelson}{1987}]{ed}[] 
 []


Overfull \hbox (5.69714pt too wide) in paragraph at lines 916--916
[]  \OT1/cmtt/m/n/9 \bibitem[\protect\citeauthoryear{Knuth}{1998}]{kn}[] 
 []


Overfull \hbox (10.42209pt too wide) in paragraph at lines 916--916
[]    \OT1/cmtt/m/n/9 Knuth D. E., 1998, The \TeX book. Addison-Wesley,[] 
 []


LaTeX Warning: Reference `firstpage' on page 6 undefined on input line 916.


LaTeX Warning: Reference `lastpage' on page 6 undefined on input line 916.

[6]
Overfull \hbox (0.9722pt too wide) in paragraph at lines 916--916
[]    \OT1/cmtt/m/n/9 {1999}]{kd} Kopka H., Daly P. W., 1999, A Guide[] 
 []


Overfull \hbox (15.14703pt too wide) in paragraph at lines 916--916
[]  \OT1/cmtt/m/n/9 \bibitem[\protect\citeauthoryear{Lamport}{1986}]{la}[] 
 []


Overfull \hbox (19.87198pt too wide) in paragraph at lines 916--916
[]  \OT1/cmtt/m/n/9 \bibitem[\protect\citeauthoryear{Mirabel \& Sanders}%[] 
 []


Overfull \hbox (0.9722pt too wide) in paragraph at lines 916--916
[]    \OT1/cmtt/m/n/9 {1989}]{ms} Mirabel I. F., Sanders D. B., 1989,[] 
 []


Overfull \hbox (15.14703pt too wide) in paragraph at lines 916--916
[]  \OT1/cmtt/m/n/9 \bibitem[\protect\citeauthoryear{Sopp \& Alexander}%[] 
 []


Overfull \hbox (15.14703pt too wide) in paragraph at lines 916--916
[]  \OT1/cmtt/m/n/9 \bibitem[\protect\citeauthoryear{Stella \& Campana}%[] 
 []


Underfull \vbox (badness 3375) has occurred while \output is active []



LaTeX Warning: Reference `boldgreek' on page 7 undefined on input line 972.


LaTeX Warning: Reference `firstpage' on page 7 undefined on input line 991.


LaTeX Warning: Reference `lastpage' on page 7 undefined on input line 991.

[7]

LaTeX Warning: Reference `authors' on page 8 undefined on input line 1041.


Overfull \hbox (19.96646pt too wide) in paragraph at lines 1059--1080
[][] 
 []


LaTeX Warning: Reference `editors' on page 8 undefined on input line 1086.


Package natbib Warning: Citation `kd' on page 8 undefined on input line 1149.


Package natbib Warning: Citation `kn' on page 8 undefined on input line 1149.


LaTeX Warning: Reference `TMth' on page 8 undefined on input line 1196.


Overfull \hbox (9.08646pt too wide) in paragraph at lines 1209--1213
[]
 []


Overfull \hbox (9.08646pt too wide) in paragraph at lines 1221--1225
[]
 []


LaTeX Warning: Reference `firstpage' on page 8 undefined on input line 1225.


LaTeX Warning: Reference `lastpage' on page 8 undefined on input line 1225.

[8]
Overfull \hbox (9.08646pt too wide) in paragraph at lines 1236--1240
[]
 []


Overfull \hbox (9.08646pt too wide) in paragraph at lines 1247--1251
[]
 []


Overfull \hbox (9.08646pt too wide) in paragraph at lines 1261--1265
[]
 []


Overfull \hbox (9.08646pt too wide) in paragraph at lines 1272--1276
[]
 []


Overfull \hbox (9.08646pt too wide) in paragraph at lines 1283--1287
[]
 []


Overfull \hbox (9.08646pt too wide) in paragraph at lines 1294--1298
[]
 []


Overfull \hbox (9.08646pt too wide) in paragraph at lines 1310--1314
[]
 []


Underfull \hbox (badness 1845) in paragraph at lines 1332--1332
\OT1/cmr/bx/n/17.28 strength of low-$[]$ so-lar p
 []


Underfull \hbox (badness 1142) in paragraph at lines 1332--1332
\OT1/cmr/bx/n/14.4 New, C. C. Speake and S. J.
 []


Overfull \hbox (9.08646pt too wide) in paragraph at lines 1332--1336
[]
 []


LaTeX Warning: Reference `firstpage' on page 9 undefined on input line 1336.


LaTeX Warning: Reference `lastpage' on page 9 undefined on input line 1336.

[9]

LaTeX Warning: Reference `upgreek' on page 10 undefined on input line 1360.


LaTeX Warning: Reference `contfigtab' on page 10 undefined on input line 1474.


LaTeX Warning: Reference `SVsymbols' on page 10 undefined on input line 1482.


Package natbib Warning: There were undefined citations.


LaTeX Warning: Reference `firstpage' on page 10 undefined on input line 1490.


LaTeX Warning: Reference `lastpage' on page 10 undefined on input line 1490.

[10] (./mn2eguide.aux

Package natbib Warning: Citation(s) may have changed.
(natbib)                Rerun to get citations correct.

)

LaTeX Warning: There were undefined references.


LaTeX Warning: Label(s) may have changed. Rerun to get cross-references right.

 ) 
Here is how much of TeX's memory you used:
 876 strings out of 94500
 9308 string characters out of 1172833
 68355 words of memory out of 3500000
 4063 multiletter control sequences out of 10000+50000
 27225 words of font info for 95 fonts, out of 500000 for 2000
 580 hyphenation exceptions out of 1000
 31i,18n,34p,171b,366s stack positions out of 1500i,500n,5000p,200000b,5000s

Output written on mn2eguide.dvi (10 pages, 66456 bytes).
